#
# There is insufficient memory for the Java Runtime Environment to continue.
# Native memory allocation (malloc) failed to allocate 32756 bytes for ChunkPool::allocate
# Possible reasons:
#   The system is out of physical RAM or swap space
#   In 32 bit mode, the process size limit was hit
# Possible solutions:
#   Reduce memory load on the system
#   Increase physical memory or swap space
#   Check if swap backing store is full
#   Use 64 bit Java on a 64 bit OS
#   Decrease Java heap size (-Xmx/-Xms)
#   Decrease number of Java threads
#   Decrease Java thread stack sizes (-Xss)
#   Set larger code cache with -XX:ReservedCodeCacheSize=
# This output file may be truncated or incomplete.
#
#  Out of Memory Error (allocation.cpp:273), pid=3048, tid=0x00000d1c
#
# JRE version: Java(TM) SE Runtime Environment (8.0_151-b12) (build 1.8.0_151-b12)
# Java VM: Java HotSpot(TM) Client VM (25.151-b12 mixed mode, sharing windows-x86 )
# Failed to write core dump. 
#

---------------  T H R E A D  ---------------

Current thread (0x00957c00):  JavaThread "C1 CompilerThread0" daemon [_thread_in_native, id=3356, stack(0x14c20000,0x14c70000)]

Stack: [0x14c20000,0x14c70000],  sp=0x14c6e900,  free space=314k
Native frames: (J=compiled Java code, j=interpreted, Vv=VM code, C=native code)
V  [jvm.dll+0x1aa59b]
V  [jvm.dll+0x1be6d1]
V  [jvm.dll+0x1c147d]
V  [jvm.dll+0x1c2cc8]
C  [msvcr100.dll+0x5c556]
C  [msvcr100.dll+0x5c600]
C  [kernel32.dll+0x4d4d1]
C  [ntdll.dll+0x41593]
C  [ntdll.dll+0x41566]
C  0x00000000


Current CompileTask:
C1: 186300 3582             jdk.nashorn.internal.scripts.Script$Recompilation$5$14278A$\^eval\_::generateKeys (2870 bytes)


---------------  P R O C E S S  ---------------

Java Threads: ( => current thread )
  0x172bbc00 JavaThread "Keep-Alive-Timer" daemon [_thread_blocked, id=1908, stack(0x14d60000,0x14db0000)]
  0x16556800 JavaThread "http-bio-8080-exec-1" daemon [_thread_in_vm, id=3624, stack(0x15970000,0x159c0000)]
  0x179ac000 JavaThread "http-bio-8080-AsyncTimeout" daemon [_thread_blocked, id=3464, stack(0x19940000,0x19990000)]
  0x179ab800 JavaThread "http-bio-8080-Acceptor-0" daemon [_thread_in_native, id=1020, stack(0x19820000,0x19870000)]
  0x179ab400 JavaThread "ContainerBackgroundProcessor[StandardEngine[Tomcat]]" daemon [_thread_blocked, id=2512, stack(0x197b0000,0x19800000)]
  0x17756400 JavaThread "Thread-2" daemon [_thread_in_native, id=3832, stack(0x01c80000,0x01cd0000)]
  0x0095f400 JavaThread "Service Thread" daemon [_thread_blocked, id=1556, stack(0x13f70000,0x13fc0000)]
=>0x00957c00 JavaThread "C1 CompilerThread0" daemon [_thread_in_native, id=3356, stack(0x14c20000,0x14c70000)]
  0x00956c00 JavaThread "Attach Listener" daemon [_thread_blocked, id=3620, stack(0x03db0000,0x03e00000)]
  0x00953c00 JavaThread "Signal Dispatcher" daemon [_thread_blocked, id=1132, stack(0x13ea0000,0x13ef0000)]
  0x0093a000 JavaThread "Finalizer" daemon [_thread_blocked, id=4028, stack(0x01cd0000,0x01d20000)]
  0x008de000 JavaThread "Reference Handler" daemon [_thread_blocked, id=3560, stack(0x01780000,0x017d0000)]
  0x008b4c00 JavaThread "main" [_thread_blocked, id=216, stack(0x00830000,0x00880000)]

Other Threads:
  0x008d9800 VMThread [stack: 0x01c30000,0x01c80000] [id=3428]
  0x157a8400 WatcherThread [stack: 0x14cf0000,0x14d40000] [id=3272]

VM state:not at safepoint (normal execution)

VM Mutex/Monitor currently owned by a thread: None

Heap:
 def new generation   total 18432K, used 11362K [0x03e00000, 0x05200000, 0x09350000)
  eden space 16384K,  59% used [0x03e00000, 0x04797188, 0x04e00000)
  from space 2048K,  75% used [0x05000000, 0x05181950, 0x05200000)
  to   space 2048K,   0% used [0x04e00000, 0x04e00000, 0x05000000)
 tenured generation   total 40888K, used 28605K [0x09350000, 0x0bb3e000, 0x13e00000)
   the space 40888K,  69% used [0x09350000, 0x0af3f4d0, 0x0af3f600, 0x0bb3e000)
 Metaspace       used 24131K, capacity 25590K, committed 25600K, reserved 25984K

Card table byte_map: [0x016d0000,0x01760000] byte_map_base: 0x016b1000

Polling page: 0x007f0000

CodeCache: size=32768Kb used=6060Kb max_used=6060Kb free=26707Kb
 bounds [0x01d50000, 0x02340000, 0x03d50000]
 total_blobs=3718 nmethods=3498 adapters=150
 compilation: enabled

Compilation events (10 events):
Event: 186.143 Thread 0x00957c00 nmethod 3577 0x0232d708 code [0x0232d800, 0x0232d8a0]
Event: 186.143 Thread 0x00957c00 3578             java.lang.invoke.Invokers::maybeCustomize (28 bytes)
Event: 186.143 Thread 0x00957c00 nmethod 3578 0x0232d908 code [0x0232da10, 0x0232daac]
Event: 186.147 Thread 0x00957c00 3579             jdk.internal.dynalink.support.Guards::asType (13 bytes)
Event: 186.147 Thread 0x00957c00 nmethod 3579 0x0232db48 code [0x0232dc70, 0x0232ddb0]
Event: 186.147 Thread 0x00957c00 3580             jdk.internal.dynalink.support.Guards::getTestType (22 bytes)
Event: 186.147 Thread 0x00957c00 nmethod 3580 0x0232e088 code [0x0232e1a0, 0x0232e284]
Event: 186.148 Thread 0x00957c00 3581             jdk.nashorn.internal.scripts.Script$Recompilation$4$7115AA$\^eval\_::enc (578 bytes)
Event: 186.161 Thread 0x00957c00 nmethod 3581 0x0232e408 code [0x0232f0c0, 0x02331b48]
Event: 186.161 Thread 0x00957c00 3582             jdk.nashorn.internal.scripts.Script$Recompilation$5$14278A$\^eval\_::generateKeys (2870 bytes)

GC Heap History (10 events):
Event: 14.793 GC heap before
{Heap before GC invocations=93 (full 8):
 def new generation   total 18432K, used 18431K [0x03e00000, 0x05200000, 0x09350000)
  eden space 16384K, 100% used [0x03e00000, 0x04e00000, 0x04e00000)
  from space 2048K,  99% used [0x04e00000, 0x04fffff8, 0x05000000)
  to   space 2048K,   0% used [0x05000000, 0x05000000, 0x05200000)
 tenured generation   total 40888K, used 23154K [0x09350000, 0x0bb3e000, 0x13e00000)
   the space 40888K,  56% used [0x09350000, 0x0a9ec810, 0x0a9eca00, 0x0bb3e000)
 Metaspace       used 19583K, capacity 19956K, committed 20096K, reserved 20864K
Event: 14.799 GC heap after
Heap after GC invocations=94 (full 8):
 def new generation   total 18432K, used 847K [0x03e00000, 0x05200000, 0x09350000)
  eden space 16384K,   0% used [0x03e00000, 0x03e00000, 0x04e00000)
  from space 2048K,  41% used [0x05000000, 0x050d3fd8, 0x05200000)
  to   space 2048K,   0% used [0x04e00000, 0x04e00000, 0x05000000)
 tenured generation   total 40888K, used 23785K [0x09350000, 0x0bb3e000, 0x13e00000)
   the space 40888K,  58% used [0x09350000, 0x0aa8a628, 0x0aa8a800, 0x0bb3e000)
 Metaspace       used 19583K, capacity 19956K, committed 20096K, reserved 20864K
}
Event: 15.164 GC heap before
{Heap before GC invocations=94 (full 8):
 def new generation   total 18432K, used 17231K [0x03e00000, 0x05200000, 0x09350000)
  eden space 16384K, 100% used [0x03e00000, 0x04e00000, 0x04e00000)
  from space 2048K,  41% used [0x05000000, 0x050d3fd8, 0x05200000)
  to   space 2048K,   0% used [0x04e00000, 0x04e00000, 0x05000000)
 tenured generation   total 40888K, used 23785K [0x09350000, 0x0bb3e000, 0x13e00000)
   the space 40888K,  58% used [0x09350000, 0x0aa8a628, 0x0aa8a800, 0x0bb3e000)
 Metaspace       used 19650K, capacity 20028K, committed 20224K, reserved 20864K
Event: 15.169 GC heap after
Heap after GC invocations=95 (full 8):
 def new generation   total 18432K, used 969K [0x03e00000, 0x05200000, 0x09350000)
  eden space 16384K,   0% used [0x03e00000, 0x03e00000, 0x04e00000)
  from space 2048K,  47% used [0x04e00000, 0x04ef25e0, 0x05000000)
  to   space 2048K,   0% used [0x05000000, 0x05000000, 0x05200000)
 tenured generation   total 40888K, used 23785K [0x09350000, 0x0bb3e000, 0x13e00000)
   the space 40888K,  58% used [0x09350000, 0x0aa8a628, 0x0aa8a800, 0x0bb3e000)
 Metaspace       used 19650K, capacity 20028K, committed 20224K, reserved 20864K
}
Event: 184.033 GC heap before
{Heap before GC invocations=95 (full 8):
 def new generation   total 18432K, used 17353K [0x03e00000, 0x05200000, 0x09350000)
  eden space 16384K, 100% used [0x03e00000, 0x04e00000, 0x04e00000)
  from space 2048K,  47% used [0x04e00000, 0x04ef25e0, 0x05000000)
  to   space 2048K,   0% used [0x05000000, 0x05000000, 0x05200000)
 tenured generation   total 40888K, used 23785K [0x09350000, 0x0bb3e000, 0x13e00000)
   the space 40888K,  58% used [0x09350000, 0x0aa8a628, 0x0aa8a800, 0x0bb3e000)
 Metaspace       used 20416K, capacity 20764K, committed 20992K, reserved 21888K
Event: 184.042 GC heap after
Heap after GC invocations=96 (full 8):
 def new generation   total 18432K, used 2048K [0x03e00000, 0x05200000, 0x09350000)
  eden space 16384K,   0% used [0x03e00000, 0x03e00000, 0x04e00000)
  from space 2048K, 100% used [0x05000000, 0x05200000, 0x05200000)
  to   space 2048K,   0% used [0x04e00000, 0x04e00000, 0x05000000)
 tenured generation   total 40888K, used 24279K [0x09350000, 0x0bb3e000, 0x13e00000)
   the space 40888K,  59% used [0x09350000, 0x0ab05c28, 0x0ab05e00, 0x0bb3e000)
 Metaspace       used 20416K, capacity 20764K, committed 20992K, reserved 21888K
}
Event: 184.980 GC heap before
{Heap before GC invocations=96 (full 8):
 def new generation   total 18432K, used 18432K [0x03e00000, 0x05200000, 0x09350000)
  eden space 16384K, 100% used [0x03e00000, 0x04e00000, 0x04e00000)
  from space 2048K, 100% used [0x05000000, 0x05200000, 0x05200000)
  to   space 2048K,   0% used [0x04e00000, 0x04e00000, 0x05000000)
 tenured generation   total 40888K, used 24279K [0x09350000, 0x0bb3e000, 0x13e00000)
   the space 40888K,  59% used [0x09350000, 0x0ab05c28, 0x0ab05e00, 0x0bb3e000)
 Metaspace       used 22877K, capacity 23742K, committed 23808K, reserved 23936K
Event: 184.992 GC heap after
Heap after GC invocations=97 (full 8):
 def new generation   total 18432K, used 2048K [0x03e00000, 0x05200000, 0x09350000)
  eden space 16384K,   0% used [0x03e00000, 0x03e00000, 0x04e00000)
  from space 2048K, 100% used [0x04e00000, 0x05000000, 0x05000000)
  to   space 2048K,   0% used [0x05000000, 0x05000000, 0x05200000)
 tenured generation   total 40888K, used 27477K [0x09350000, 0x0bb3e000, 0x13e00000)
   the space 40888K,  67% used [0x09350000, 0x0ae25460, 0x0ae25600, 0x0bb3e000)
 Metaspace       used 22877K, capacity 23742K, committed 23808K, reserved 23936K
}
Event: 185.756 GC heap before
{Heap before GC invocations=97 (full 8):
 def new generation   total 18432K, used 18432K [0x03e00000, 0x05200000, 0x09350000)
  eden space 16384K, 100% used [0x03e00000, 0x04e00000, 0x04e00000)
  from space 2048K, 100% used [0x04e00000, 0x05000000, 0x05000000)
  to   space 2048K,   0% used [0x05000000, 0x05000000, 0x05200000)
 tenured generation   total 40888K, used 27477K [0x09350000, 0x0bb3e000, 0x13e00000)
   the space 40888K,  67% used [0x09350000, 0x0ae25460, 0x0ae25600, 0x0bb3e000)
 Metaspace       used 24003K, capacity 25259K, committed 25344K, reserved 25984K
Event: 185.765 GC heap after
Heap after GC invocations=98 (full 8):
 def new generation   total 18432K, used 1542K [0x03e00000, 0x05200000, 0x09350000)
  eden space 16384K,   0% used [0x03e00000, 0x03e00000, 0x04e00000)
  from space 2048K,  75% used [0x05000000, 0x05181950, 0x05200000)
  to   space 2048K,   0% used [0x04e00000, 0x04e00000, 0x05000000)
 tenured generation   total 40888K, used 28605K [0x09350000, 0x0bb3e000, 0x13e00000)
   the space 40888K,  69% used [0x09350000, 0x0af3f4d0, 0x0af3f600, 0x0bb3e000)
 Metaspace       used 24003K, capacity 25259K, committed 25344K, reserved 25984K
}

Deoptimization events (0 events):
No events

Internal exceptions (10 events):
Event: 15.238 Thread 0x16702c00 Exception <a 'java/lang/ClassNotFoundException': org/springframework/web/servlet/theme/FixedThemeResolverCustomizer> (0x043b5738) thrown at [C:\workspace\8-2-build-windows-i586-cygwin\jdk8u151\9699\hotspot\src\share\vm\classfile\systemDictionary.cpp, line
Event: 15.241 Thread 0x16702c00 Exception <a 'java/lang/ClassNotFoundException': org/springframework/web/servlet/ThemeResolverCustomizer> (0x043d9b80) thrown at [C:\workspace\8-2-build-windows-i586-cygwin\jdk8u151\9699\hotspot\src\share\vm\classfile\systemDictionary.cpp, line 210]
Event: 15.250 Thread 0x16702c00 Exception <a 'java/lang/ClassNotFoundException': org/springframework/web/servlet/view/DefaultRequestToViewNameTranslatorBeanInfo> (0x0443abe0) thrown at [C:\workspace\8-2-build-windows-i586-cygwin\jdk8u151\9699\hotspot\src\share\vm\classfile\systemDiction
Event: 15.252 Thread 0x16702c00 Exception <a 'java/lang/ClassNotFoundException': org/springframework/web/servlet/view/DefaultRequestToViewNameTranslatorCustomizer> (0x04464338) thrown at [C:\workspace\8-2-build-windows-i586-cygwin\jdk8u151\9699\hotspot\src\share\vm\classfile\systemDicti
Event: 15.255 Thread 0x16702c00 Exception <a 'java/lang/ClassNotFoundException': org/springframework/web/servlet/RequestToViewNameTranslatorCustomizer> (0x0449a308) thrown at [C:\workspace\8-2-build-windows-i586-cygwin\jdk8u151\9699\hotspot\src\share\vm\classfile\systemDictionary.cpp, l
Event: 15.263 Thread 0x16702c00 Exception <a 'java/lang/ClassNotFoundException': org/springframework/web/servlet/support/SessionFlashMapManagerBeanInfo> (0x044ea330) thrown at [C:\workspace\8-2-build-windows-i586-cygwin\jdk8u151\9699\hotspot\src\share\vm\classfile\systemDictionary.cpp, 
Event: 15.266 Thread 0x16702c00 Exception <a 'java/lang/ClassNotFoundException': org/springframework/web/servlet/support/AbstractFlashMapManagerBeanInfo> (0x045113d8) thrown at [C:\workspace\8-2-build-windows-i586-cygwin\jdk8u151\9699\hotspot\src\share\vm\classfile\systemDictionary.cpp,
Event: 15.269 Thread 0x16702c00 Exception <a 'java/lang/ClassNotFoundException': org/springframework/web/servlet/support/AbstractFlashMapManagerCustomizer> (0x04538ca0) thrown at [C:\workspace\8-2-build-windows-i586-cygwin\jdk8u151\9699\hotspot\src\share\vm\classfile\systemDictionary.cp
Event: 15.271 Thread 0x16702c00 Exception <a 'java/lang/ClassNotFoundException': org/springframework/web/servlet/support/SessionFlashMapManagerCustomizer> (0x045660d0) thrown at [C:\workspace\8-2-build-windows-i586-cygwin\jdk8u151\9699\hotspot\src\share\vm\classfile\systemDictionary.cpp
Event: 15.280 Thread 0x16702c00 Exception <a 'java/lang/ClassNotFoundException': org/springframework/web/servlet/FlashMapManagerCustomizer> (0x0458b048) thrown at [C:\workspace\8-2-build-windows-i586-cygwin\jdk8u151\9699\hotspot\src\share\vm\classfile\systemDictionary.cpp, line 210]

Events (10 events):
Event: 186.027 loading class jdk/nashorn/internal/runtime/Undefined
Event: 186.027 loading class jdk/nashorn/internal/runtime/Undefined done
Event: 186.028 loading class jdk/nashorn/internal/runtime/Undefined
Event: 186.028 loading class jdk/nashorn/internal/runtime/Undefined done
Event: 186.033 loading class jdk/nashorn/internal/runtime/Undefined
Event: 186.033 loading class jdk/nashorn/internal/runtime/Undefined done
Event: 186.061 loading class jdk/nashorn/internal/runtime/Undefined
Event: 186.061 loading class jdk/nashorn/internal/runtime/Undefined done
Event: 186.102 loading class jdk/nashorn/internal/runtime/Undefined
Event: 186.102 loading class jdk/nashorn/internal/runtime/Undefined done


Dynamic libraries:
0x00a10000 - 0x00a43000 	C:\Program Files\Java\jre1.8.0_151\bin\javaw.exe
0x77390000 - 0x774b9000 	C:\Windows\system32\ntdll.dll
0x76350000 - 0x7642d000 	C:\Windows\system32\kernel32.dll
0x75aa0000 - 0x75b67000 	C:\Windows\system32\ADVAPI32.dll
0x75d80000 - 0x75e42000 	C:\Windows\system32\RPCRT4.dll
0x762b0000 - 0x7634d000 	C:\Windows\system32\USER32.dll
0x75a50000 - 0x75a9c000 	C:\Windows\system32\GDI32.dll
0x74510000 - 0x746ae000 	C:\Windows\WinSxS\x86_microsoft.windows.common-controls_6595b64144ccf1df_6.0.6002.19373_none_5cbe60a608848a19\COMCTL32.dll
0x76490000 - 0x7653a000 	C:\Windows\system32\msvcrt.dll
0x76430000 - 0x76489000 	C:\Windows\system32\SHLWAPI.dll
0x76570000 - 0x7658e000 	C:\Windows\system32\IMM32.DLL
0x75e50000 - 0x75f18000 	C:\Windows\system32\MSCTF.dll
0x774c0000 - 0x774c9000 	C:\Windows\system32\LPK.DLL
0x76220000 - 0x7629e000 	C:\Windows\system32\USP10.dll
0x6b790000 - 0x6b84f000 	C:\Program Files\Java\jre1.8.0_151\bin\msvcr100.dll
0x694e0000 - 0x698ae000 	C:\Program Files\Java\jre1.8.0_151\bin\client\jvm.dll
0x74420000 - 0x74427000 	C:\Windows\system32\WSOCK32.dll
0x75d50000 - 0x75d7d000 	C:\Windows\system32\WS2_32.dll
0x762a0000 - 0x762a6000 	C:\Windows\system32\NSI.dll
0x73f70000 - 0x73fa2000 	C:\Windows\system32\WINMM.dll
0x75b70000 - 0x75cb7000 	C:\Windows\system32\ole32.dll
0x75cc0000 - 0x75d50000 	C:\Windows\system32\OLEAUT32.dll
0x73f30000 - 0x73f6e000 	C:\Windows\system32\OLEACC.dll
0x74d40000 - 0x74d48000 	C:\Windows\system32\VERSION.dll
0x75a40000 - 0x75a47000 	C:\Windows\system32\PSAPI.DLL
0x742c0000 - 0x742cc000 	C:\Program Files\Java\jre1.8.0_151\bin\verify.dll
0x731e0000 - 0x73201000 	C:\Program Files\Java\jre1.8.0_151\bin\java.dll
0x73ed0000 - 0x73ee4000 	C:\Program Files\Java\jre1.8.0_151\bin\zip.dll
0x766b0000 - 0x771c1000 	C:\Windows\system32\SHELL32.dll
0x75900000 - 0x7591e000 	C:\Windows\system32\USERENV.dll
0x758e0000 - 0x758f4000 	C:\Windows\system32\Secur32.dll
0x742d0000 - 0x742d8000 	C:\SSM\apache-maven-3.5.0\lib\jansi-native\windows32\jansi.dll
0x72f40000 - 0x72f56000 	C:\Program Files\Java\jre1.8.0_151\bin\net.dll
0x75050000 - 0x7508b000 	C:\Windows\system32\mswsock.dll
0x75160000 - 0x75165000 	C:\Windows\System32\wship6.dll
0x742b0000 - 0x742bf000 	C:\Program Files\Java\jre1.8.0_151\bin\nio.dll
0x74e10000 - 0x74e4b000 	C:\Windows\system32\rsaenh.dll
0x752b0000 - 0x752c9000 	C:\Windows\system32\IPHLPAPI.DLL
0x75270000 - 0x752a5000 	C:\Windows\system32\dhcpcsvc.DLL
0x754b0000 - 0x754dc000 	C:\Windows\system32\DNSAPI.dll
0x75260000 - 0x75267000 	C:\Windows\system32\WINNSI.DLL
0x75230000 - 0x75252000 	C:\Windows\system32\dhcpcsvc6.DLL
0x73f00000 - 0x73f0a000 	C:\Program Files\Java\jre1.8.0_151\bin\management.dll
0x74c70000 - 0x74c75000 	C:\Windows\System32\wshtcpip.dll
0x74d30000 - 0x74d3f000 	C:\Windows\system32\NLAapi.dll
0x73290000 - 0x7329f000 	C:\Windows\system32\napinsp.dll
0x73280000 - 0x73288000 	C:\Windows\System32\winrnr.dll
0x75fb0000 - 0x75ff9000 	C:\Windows\system32\WLDAP32.dll
0x73270000 - 0x73276000 	C:\Windows\system32\rasadhlp.dll

VM Arguments:
jvm_args: -Dmaven.home=C:\SSM\apache-maven-3.5.0 -Dclassworlds.conf=C:\Users\Administrator\workspace\.metadata\.plugins\org.eclipse.m2e.launching\launches\m2conf7267735505076591431.tmp -Dmaven.multiModuleProjectDirectory=C:\Users\Administrator\workspace\maven_ -Dfile.encoding=GBK 
java_command: org.codehaus.plexus.classworlds.launcher.Launcher -B -gs C:\SSM\apache-maven-3.5.0\conf\settings.xml -s C:\SSM\apache-maven-3.5.0\conf\settings.xml tomcat7:run
java_class_path (initial): C:\SSM\apache-maven-3.5.0\boot\plexus-classworlds-2.5.2.jar
Launcher Type: SUN_STANDARD

Environment Variables:
CLASSPATH=C:\Program Files\Java\jdk1.8.0_151\lib\tools.jar;C:\Program Files\Java\jdk1.8.0_151\lib\dt.jar;C:\Program Files\Java\jdk1.8.0_151\lib\tools.jar
PATH=C:/Program Files/Java/jre1.8.0_151/bin/client;C:/Program Files/Java/jre1.8.0_151/bin;C:/Program Files/Java/jre1.8.0_151/lib/i386;C:\ProgramData\Oracle\Java\javapath;C:\Windows\system32;C:\Windows;C:\Windows\System32\Wbem;C:\Windows\System32\WindowsPowerShell\v1.0\;C:\Windows\System32\WindowsPowerShell\v1.0\;C:\Windows\System32\WindowsPowerShell\v1.0\;C:\mysql-5.6.37-win32\bin;C:\Program Files\Java\jdk1.8.0_151\bin;C:\SSM\apache-maven-3.5.0\bin;C:\SSM\SSM\eclipse-jee-neon-3-win32\eclipse;
USERNAME=Administrator
OS=Windows_NT
PROCESSOR_IDENTIFIER=x86 Family 6 Model 79 Stepping 1, GenuineIntel



---------------  S Y S T E M  ---------------

OS: Windows Server 2008 Build 6002 (6.0.6002.19623)

CPU:total 1 (initial active 1) (1 cores per cpu, 1 threads per core) family 6 model 79 stepping 1, cmov, cx8, fxsr, mmx, sse, sse2, sse3, ssse3, sse4.1, sse4.2, popcnt, aes, clmul, erms, rtm, 3dnowpref, lzcnt, tsc, bmi1, bmi2, adx

Memory: 4k page, physical 2095908k(21752k free), swap 2029444k(5112k free)

vm_info: Java HotSpot(TM) Client VM (25.151-b12) for windows-x86 JRE (1.8.0_151-b12), built on Sep  5 2017 19:31:49 by "java_re" with MS VC++ 10.0 (VS2010)

time: Thu Mar 15 20:39:57 2018
elapsed time: 186 seconds (0d 0h 3m 6s)

