#
# There is insufficient memory for the Java Runtime Environment to continue.
# Native memory allocation (malloc) failed to allocate 32756 bytes for ChunkPool::allocate
# Possible reasons:
#   The system is out of physical RAM or swap space
#   In 32 bit mode, the process size limit was hit
# Possible solutions:
#   Reduce memory load on the system
#   Increase physical memory or swap space
#   Check if swap backing store is full
#   Use 64 bit Java on a 64 bit OS
#   Decrease Java heap size (-Xmx/-Xms)
#   Decrease number of Java threads
#   Decrease Java thread stack sizes (-Xss)
#   Set larger code cache with -XX:ReservedCodeCacheSize=
# This output file may be truncated or incomplete.
#
#  Out of Memory Error (allocation.cpp:273), pid=2556, tid=0x00000d0c
#
# JRE version: Java(TM) SE Runtime Environment (8.0_151-b12) (build 1.8.0_151-b12)
# Java VM: Java HotSpot(TM) Client VM (25.151-b12 mixed mode, sharing windows-x86 )
# Failed to write core dump. 
#

---------------  T H R E A D  ---------------

Current thread (0x019c8400):  JavaThread "C1 CompilerThread0" daemon [_thread_in_native, id=3340, stack(0x15550000,0x155a0000)]

Stack: [0x15550000,0x155a0000],  sp=0x1559e280,  free space=312k
Native frames: (J=compiled Java code, j=interpreted, Vv=VM code, C=native code)
V  [jvm.dll+0x1aa59b]
V  [jvm.dll+0x1be6d1]
V  [jvm.dll+0x1c147d]
V  [jvm.dll+0x1c2cc8]
C  [msvcr100.dll+0x5c556]
C  [msvcr100.dll+0x5c600]
C  [kernel32.dll+0x4d4d1]
C  [ntdll.dll+0x41593]
C  [ntdll.dll+0x41566]
C  0x00000000


Current CompileTask:
C1:   6742 2287             jdk.nashorn.internal.scripts.Script$Recompilation$5$14278A$\^eval\_::generateKeys (2870 bytes)


---------------  P R O C E S S  ---------------

Java Threads: ( => current thread )
  0x162ab400 JavaThread "Keep-Alive-Timer" daemon [_thread_blocked, id=2408, stack(0x16cf0000,0x16d40000)]
  0x15c79000 JavaThread "ReaderThread" [_thread_in_native, id=556, stack(0x159a0000,0x159f0000)]
  0x01a01800 JavaThread "Service Thread" daemon [_thread_blocked, id=1752, stack(0x141b0000,0x14200000)]
=>0x019c8400 JavaThread "C1 CompilerThread0" daemon [_thread_in_native, id=3340, stack(0x15550000,0x155a0000)]
  0x019c7800 JavaThread "Attach Listener" daemon [_thread_blocked, id=524, stack(0x14090000,0x140e0000)]
  0x019c4000 JavaThread "Signal Dispatcher" daemon [_thread_blocked, id=3584, stack(0x15380000,0x153d0000)]
  0x019abc00 JavaThread "Finalizer" daemon [_thread_blocked, id=2924, stack(0x14150000,0x141a0000)]
  0x0194f800 JavaThread "Reference Handler" daemon [_thread_blocked, id=2368, stack(0x14100000,0x14150000)]
  0x01926000 JavaThread "main" [_thread_in_vm, id=824, stack(0x01510000,0x01560000)]

Other Threads:
  0x0194b400 VMThread [stack: 0x01b40000,0x01b90000] [id=2868]
  0x155d8c00 WatcherThread [stack: 0x157d0000,0x15820000] [id=292]

VM state:not at safepoint (normal execution)

VM Mutex/Monitor currently owned by a thread: None

Heap:
 def new generation   total 6400K, used 2528K [0x03c00000, 0x042f0000, 0x09150000)
  eden space 5696K,  38% used [0x03c00000, 0x03e1d648, 0x04190000)
  from space 704K,  51% used [0x04240000, 0x0429ab28, 0x042f0000)
  to   space 704K,   0% used [0x04190000, 0x04190000, 0x04240000)
 tenured generation   total 14084K, used 8448K [0x09150000, 0x09f11000, 0x13c00000)
   the space 14084K,  59% used [0x09150000, 0x09990260, 0x09990400, 0x09f11000)
 Metaspace       used 10529K, capacity 11837K, committed 11904K, reserved 12672K

Card table byte_map: [0x01a40000,0x01ad0000] byte_map_base: 0x01a22000

Polling page: 0x00800000

CodeCache: size=32768Kb used=3723Kb max_used=3723Kb free=29044Kb
 bounds [0x01be0000, 0x01f88000, 0x03be0000]
 total_blobs=2454 nmethods=2256 adapters=129
 compilation: enabled

Compilation events (10 events):
Event: 6.623 Thread 0x019c8400 nmethod 2282 0x01f742c8 code [0x01f743e0, 0x01f7456c]
Event: 6.623 Thread 0x019c8400 2283             java.lang.invoke.Invokers::maybeCustomize (28 bytes)
Event: 6.624 Thread 0x019c8400 nmethod 2283 0x01f746c8 code [0x01f747d0, 0x01f7486c]
Event: 6.626 Thread 0x019c8400 2284             jdk.internal.dynalink.support.Guards::asType (13 bytes)
Event: 6.626 Thread 0x019c8400 nmethod 2284 0x01f74908 code [0x01f74a30, 0x01f74b70]
Event: 6.626 Thread 0x019c8400 2285             jdk.internal.dynalink.support.Guards::getTestType (22 bytes)
Event: 6.626 Thread 0x019c8400 nmethod 2285 0x01f74e48 code [0x01f74f60, 0x01f75044]
Event: 6.627 Thread 0x019c8400 2286             jdk.nashorn.internal.scripts.Script$Recompilation$4$7115AA$\^eval\_::enc (578 bytes)
Event: 6.640 Thread 0x019c8400 nmethod 2286 0x01f751c8 code [0x01f75e80, 0x01f78908]
Event: 6.641 Thread 0x019c8400 2287             jdk.nashorn.internal.scripts.Script$Recompilation$5$14278A$\^eval\_::generateKeys (2870 bytes)

GC Heap History (10 events):
Event: 5.740 GC heap before
{Heap before GC invocations=32 (full 0):
 def new generation   total 4928K, used 4928K [0x03c00000, 0x04150000, 0x09150000)
  eden space 4416K, 100% used [0x03c00000, 0x04050000, 0x04050000)
  from space 512K, 100% used [0x04050000, 0x040d0000, 0x040d0000)
  to   space 512K,   0% used [0x040d0000, 0x040d0000, 0x04150000)
 tenured generation   total 10944K, used 9702K [0x09150000, 0x09c00000, 0x13c00000)
   the space 10944K,  88% used [0x09150000, 0x09ac9968, 0x09ac9a00, 0x09c00000)
 Metaspace       used 9801K, capacity 10501K, committed 10624K, reserved 10624K
Event: 5.745 GC heap after
Heap after GC invocations=33 (full 0):
 def new generation   total 4928K, used 512K [0x03c00000, 0x04150000, 0x09150000)
  eden space 4416K,   0% used [0x03c00000, 0x03c00000, 0x04050000)
  from space 512K, 100% used [0x040d0000, 0x04150000, 0x04150000)
  to   space 512K,   0% used [0x04050000, 0x04050000, 0x040d0000)
 tenured generation   total 10944K, used 10642K [0x09150000, 0x09c00000, 0x13c00000)
   the space 10944K,  97% used [0x09150000, 0x09bb4b58, 0x09bb4c00, 0x09c00000)
 Metaspace       used 9801K, capacity 10501K, committed 10624K, reserved 10624K
}
Event: 5.952 GC heap before
{Heap before GC invocations=33 (full 0):
 def new generation   total 4928K, used 4928K [0x03c00000, 0x04150000, 0x09150000)
  eden space 4416K, 100% used [0x03c00000, 0x04050000, 0x04050000)
  from space 512K, 100% used [0x040d0000, 0x04150000, 0x04150000)
  to   space 512K,   0% used [0x04050000, 0x04050000, 0x040d0000)
 tenured generation   total 10944K, used 10642K [0x09150000, 0x09c00000, 0x13c00000)
   the space 10944K,  97% used [0x09150000, 0x09bb4b58, 0x09bb4c00, 0x09c00000)
 Metaspace       used 10128K, capacity 10909K, committed 11008K, reserved 11648K
Event: 5.955 GC heap after
Heap after GC invocations=34 (full 0):
 def new generation   total 4928K, used 504K [0x03c00000, 0x04150000, 0x09150000)
  eden space 4416K,   0% used [0x03c00000, 0x03c00000, 0x04050000)
  from space 512K,  98% used [0x04050000, 0x040ce338, 0x040d0000)
  to   space 512K,   0% used [0x040d0000, 0x040d0000, 0x04150000)
 tenured generation   total 10944K, used 10697K [0x09150000, 0x09c00000, 0x13c00000)
   the space 10944K,  97% used [0x09150000, 0x09bc26d0, 0x09bc2800, 0x09c00000)
 Metaspace       used 10128K, capacity 10909K, committed 11008K, reserved 11648K
}
Event: 6.134 GC heap before
{Heap before GC invocations=34 (full 0):
 def new generation   total 4928K, used 4920K [0x03c00000, 0x04150000, 0x09150000)
  eden space 4416K, 100% used [0x03c00000, 0x04050000, 0x04050000)
  from space 512K,  98% used [0x04050000, 0x040ce338, 0x040d0000)
  to   space 512K,   0% used [0x040d0000, 0x040d0000, 0x04150000)
 tenured generation   total 10944K, used 10697K [0x09150000, 0x09c00000, 0x13c00000)
   the space 10944K,  97% used [0x09150000, 0x09bc26d0, 0x09bc2800, 0x09c00000)
 Metaspace       used 10334K, capacity 11393K, committed 11520K, reserved 11648K
Event: 6.138 GC heap after
Heap after GC invocations=35 (full 0):
 def new generation   total 4928K, used 322K [0x03c00000, 0x04150000, 0x09150000)
  eden space 4416K,   0% used [0x03c00000, 0x03c00000, 0x04050000)
  from space 512K,  62% used [0x040d0000, 0x04120900, 0x04150000)
  to   space 512K,   0% used [0x04050000, 0x04050000, 0x040d0000)
 tenured generation   total 10944K, used 10855K [0x09150000, 0x09c00000, 0x13c00000)
   the space 10944K,  99% used [0x09150000, 0x09be9c38, 0x09be9e00, 0x09c00000)
 Metaspace       used 10334K, capacity 11393K, committed 11520K, reserved 11648K
}
Event: 6.292 GC heap before
{Heap before GC invocations=35 (full 0):
 def new generation   total 4928K, used 4738K [0x03c00000, 0x04150000, 0x09150000)
  eden space 4416K, 100% used [0x03c00000, 0x04050000, 0x04050000)
  from space 512K,  62% used [0x040d0000, 0x04120900, 0x04150000)
  to   space 512K,   0% used [0x04050000, 0x04050000, 0x040d0000)
 tenured generation   total 10944K, used 10855K [0x09150000, 0x09c00000, 0x13c00000)
   the space 10944K,  99% used [0x09150000, 0x09be9c38, 0x09be9e00, 0x09c00000)
 Metaspace       used 10443K, capacity 11613K, committed 11648K, reserved 11648K
Event: 6.321 GC heap after
Heap after GC invocations=36 (full 1):
 def new generation   total 6400K, used 0K [0x03c00000, 0x042f0000, 0x09150000)
  eden space 5696K,   0% used [0x03c00000, 0x03c00000, 0x04190000)
  from space 704K,   0% used [0x04190000, 0x04190000, 0x04240000)
  to   space 704K,   0% used [0x04240000, 0x04240000, 0x042f0000)
 tenured generation   total 14084K, used 8448K [0x09150000, 0x09f11000, 0x13c00000)
   the space 14084K,  59% used [0x09150000, 0x09990260, 0x09990400, 0x09f11000)
 Metaspace       used 10443K, capacity 11613K, committed 11648K, reserved 11648K
}
Event: 6.530 GC heap before
{Heap before GC invocations=36 (full 1):
 def new generation   total 6400K, used 5696K [0x03c00000, 0x042f0000, 0x09150000)
  eden space 5696K, 100% used [0x03c00000, 0x04190000, 0x04190000)
  from space 704K,   0% used [0x04190000, 0x04190000, 0x04240000)
  to   space 704K,   0% used [0x04240000, 0x04240000, 0x042f0000)
 tenured generation   total 14084K, used 8448K [0x09150000, 0x09f11000, 0x13c00000)
   the space 14084K,  59% used [0x09150000, 0x09990260, 0x09990400, 0x09f11000)
 Metaspace       used 10519K, capacity 11791K, committed 11904K, reserved 12672K
Event: 6.534 GC heap after
Heap after GC invocations=37 (full 1):
 def new generation   total 6400K, used 362K [0x03c00000, 0x042f0000, 0x09150000)
  eden space 5696K,   0% used [0x03c00000, 0x03c00000, 0x04190000)
  from space 704K,  51% used [0x04240000, 0x0429ab28, 0x042f0000)
  to   space 704K,   0% used [0x04190000, 0x04190000, 0x04240000)
 tenured generation   total 14084K, used 8448K [0x09150000, 0x09f11000, 0x13c00000)
   the space 14084K,  59% used [0x09150000, 0x09990260, 0x09990400, 0x09f11000)
 Metaspace       used 10519K, capacity 11791K, committed 11904K, reserved 12672K
}

Deoptimization events (0 events):
No events

Internal exceptions (10 events):
Event: 4.298 Thread 0x01926000 Exception <a 'java/lang/ArrayIndexOutOfBoundsException'> (0x03d7bda8) thrown at [C:\workspace\8-2-build-windows-i586-cygwin\jdk8u151\9699\hotspot\src\share\vm\runtime\sharedRuntime.cpp, line 605]
Event: 4.300 Thread 0x01926000 Exception <a 'java/lang/ArrayIndexOutOfBoundsException'> (0x03dab5d8) thrown at [C:\workspace\8-2-build-windows-i586-cygwin\jdk8u151\9699\hotspot\src\share\vm\runtime\sharedRuntime.cpp, line 605]
Event: 4.300 Thread 0x01926000 Exception <a 'java/lang/ArrayIndexOutOfBoundsException'> (0x03dae9e8) thrown at [C:\workspace\8-2-build-windows-i586-cygwin\jdk8u151\9699\hotspot\src\share\vm\runtime\sharedRuntime.cpp, line 605]
Event: 4.304 Thread 0x01926000 Exception <a 'java/lang/ArrayIndexOutOfBoundsException'> (0x03de2df0) thrown at [C:\workspace\8-2-build-windows-i586-cygwin\jdk8u151\9699\hotspot\src\share\vm\runtime\sharedRuntime.cpp, line 605]
Event: 4.308 Thread 0x01926000 Exception <a 'java/lang/ClassNotFoundException': us/curb/maven_/service/UserServiceCustomizer> (0x03dfbce8) thrown at [C:\workspace\8-2-build-windows-i586-cygwin\jdk8u151\9699\hotspot\src\share\vm\classfile\systemDictionary.cpp, line 210]
Event: 4.308 Thread 0x01926000 Exception <a 'java/lang/ArrayIndexOutOfBoundsException'> (0x03dfdbc0) thrown at [C:\workspace\8-2-build-windows-i586-cygwin\jdk8u151\9699\hotspot\src\share\vm\runtime\sharedRuntime.cpp, line 605]
Event: 4.310 Thread 0x01926000 Exception <a 'java/lang/ClassNotFoundException': us/codecraft/webmagic/processor/PageProcessorCustomizer> (0x03e17fd0) thrown at [C:\workspace\8-2-build-windows-i586-cygwin\jdk8u151\9699\hotspot\src\share\vm\classfile\systemDictionary.cpp, line 210]
Event: 4.313 Thread 0x01926000 Exception <a 'java/lang/ClassNotFoundException': us/codecraft/webmagic/processor/PageProcessorCustomizer> (0x03e36bd0) thrown at [C:\workspace\8-2-build-windows-i586-cygwin\jdk8u151\9699\hotspot\src\share\vm\classfile\systemDictionary.cpp, line 210]
Event: 4.467 Thread 0x01926000 Exception <a 'java/lang/NoSuchFieldError': method resolution failed> (0x03d21f38) thrown at [C:\workspace\8-2-build-windows-i586-cygwin\jdk8u151\9699\hotspot\src\share\vm\prims\methodHandles.cpp, line 1146]
Event: 4.469 Thread 0x01926000 Exception <a 'java/lang/NoSuchFieldError': method resolution failed> (0x03d2e418) thrown at [C:\workspace\8-2-build-windows-i586-cygwin\jdk8u151\9699\hotspot\src\share\vm\prims\methodHandles.cpp, line 1146]

Events (10 events):
Event: 6.509 loading class jdk/nashorn/internal/runtime/Undefined done
Event: 6.513 loading class jdk/nashorn/internal/runtime/Undefined
Event: 6.513 loading class jdk/nashorn/internal/runtime/Undefined done
Event: 6.530 Executing VM operation: GenCollectForAllocation
Event: 6.534 Executing VM operation: GenCollectForAllocation done
Event: 6.537 Thread 0x019c8400 flushing nmethod 0x01e8ed88
Event: 6.544 loading class jdk/nashorn/internal/runtime/Undefined
Event: 6.544 loading class jdk/nashorn/internal/runtime/Undefined done
Event: 6.582 loading class jdk/nashorn/internal/runtime/Undefined
Event: 6.582 loading class jdk/nashorn/internal/runtime/Undefined done


Dynamic libraries:
0x00850000 - 0x00883000 	C:\Program Files\Java\jre1.8.0_151\bin\javaw.exe
0x77390000 - 0x774b9000 	C:\Windows\system32\ntdll.dll
0x76350000 - 0x7642d000 	C:\Windows\system32\kernel32.dll
0x75aa0000 - 0x75b67000 	C:\Windows\system32\ADVAPI32.dll
0x75d80000 - 0x75e42000 	C:\Windows\system32\RPCRT4.dll
0x762b0000 - 0x7634d000 	C:\Windows\system32\USER32.dll
0x75a50000 - 0x75a9c000 	C:\Windows\system32\GDI32.dll
0x74510000 - 0x746ae000 	C:\Windows\WinSxS\x86_microsoft.windows.common-controls_6595b64144ccf1df_6.0.6002.19373_none_5cbe60a608848a19\COMCTL32.dll
0x76490000 - 0x7653a000 	C:\Windows\system32\msvcrt.dll
0x76430000 - 0x76489000 	C:\Windows\system32\SHLWAPI.dll
0x76570000 - 0x7658e000 	C:\Windows\system32\IMM32.DLL
0x75e50000 - 0x75f18000 	C:\Windows\system32\MSCTF.dll
0x774c0000 - 0x774c9000 	C:\Windows\system32\LPK.DLL
0x76220000 - 0x7629e000 	C:\Windows\system32\USP10.dll
0x66580000 - 0x6663f000 	C:\Program Files\Java\jre1.8.0_151\bin\msvcr100.dll
0x64b80000 - 0x64f4e000 	C:\Program Files\Java\jre1.8.0_151\bin\client\jvm.dll
0x74420000 - 0x74427000 	C:\Windows\system32\WSOCK32.dll
0x75d50000 - 0x75d7d000 	C:\Windows\system32\WS2_32.dll
0x762a0000 - 0x762a6000 	C:\Windows\system32\NSI.dll
0x73f70000 - 0x73fa2000 	C:\Windows\system32\WINMM.dll
0x75b70000 - 0x75cb7000 	C:\Windows\system32\ole32.dll
0x75cc0000 - 0x75d50000 	C:\Windows\system32\OLEAUT32.dll
0x73f30000 - 0x73f6e000 	C:\Windows\system32\OLEACC.dll
0x74d40000 - 0x74d48000 	C:\Windows\system32\VERSION.dll
0x75a40000 - 0x75a47000 	C:\Windows\system32\PSAPI.DLL
0x72f80000 - 0x72f8c000 	C:\Program Files\Java\jre1.8.0_151\bin\verify.dll
0x6c9b0000 - 0x6c9d1000 	C:\Program Files\Java\jre1.8.0_151\bin\java.dll
0x71b90000 - 0x71ba4000 	C:\Program Files\Java\jre1.8.0_151\bin\zip.dll
0x766b0000 - 0x771c1000 	C:\Windows\system32\SHELL32.dll
0x75900000 - 0x7591e000 	C:\Windows\system32\USERENV.dll
0x758e0000 - 0x758f4000 	C:\Windows\system32\Secur32.dll
0x72f40000 - 0x72f56000 	C:\Program Files\Java\jre1.8.0_151\bin\net.dll
0x75050000 - 0x7508b000 	C:\Windows\system32\mswsock.dll
0x75160000 - 0x75165000 	C:\Windows\System32\wship6.dll
0x74c70000 - 0x74c75000 	C:\Windows\System32\wshtcpip.dll
0x74d30000 - 0x74d3f000 	C:\Windows\system32\NLAapi.dll
0x752b0000 - 0x752c9000 	C:\Windows\system32\IPHLPAPI.DLL
0x75270000 - 0x752a5000 	C:\Windows\system32\dhcpcsvc.DLL
0x754b0000 - 0x754dc000 	C:\Windows\system32\DNSAPI.dll
0x75260000 - 0x75267000 	C:\Windows\system32\WINNSI.DLL
0x75230000 - 0x75252000 	C:\Windows\system32\dhcpcsvc6.DLL
0x73290000 - 0x7329f000 	C:\Windows\system32\napinsp.dll
0x73280000 - 0x73288000 	C:\Windows\System32\winrnr.dll
0x75fb0000 - 0x75ff9000 	C:\Windows\system32\WLDAP32.dll
0x73270000 - 0x73276000 	C:\Windows\system32\rasadhlp.dll

VM Arguments:
jvm_args: -ea -Dfile.encoding=UTF-8 
java_command: org.eclipse.jdt.internal.junit.runner.RemoteTestRunner -version 3 -port 64929 -testLoaderClass org.eclipse.jdt.internal.junit4.runner.JUnit4TestLoader -loaderpluginname org.eclipse.jdt.junit4.runtime -classNames us.curb.maven_.testdemo.TestDemo
java_class_path (initial): C:\Users\Administrator\workspace\maven_\target\test-classes;C:\Users\Administrator\workspace\maven_\target\classes;C:\SSM\repo\us\codecraft\webmagic-core\0.7.3\webmagic-core-0.7.3.jar;C:\SSM\repo\org\apache\httpcomponents\httpclient\4.5.2\httpclient-4.5.2.jar;C:\SSM\repo\org\apache\httpcomponents\httpcore\4.4.4\httpcore-4.4.4.jar;C:\SSM\repo\commons-codec\commons-codec\1.9\commons-codec-1.9.jar;C:\SSM\repo\org\apache\commons\commons-lang3\3.1\commons-lang3-3.1.jar;C:\SSM\repo\us\codecraft\xsoup\0.3.1\xsoup-0.3.1.jar;C:\SSM\repo\org\assertj\assertj-core\1.5.0\assertj-core-1.5.0.jar;C:\SSM\repo\org\slf4j\slf4j-api\1.7.6\slf4j-api-1.7.6.jar;C:\SSM\repo\org\slf4j\slf4j-log4j12\1.7.6\slf4j-log4j12-1.7.6.jar;C:\SSM\repo\log4j\log4j\1.2.17\log4j-1.2.17.jar;C:\SSM\repo\org\jsoup\jsoup\1.10.3\jsoup-1.10.3.jar;C:\SSM\repo\commons-io\commons-io\1.3.2\commons-io-1.3.2.jar;C:\SSM\repo\com\jayway\jsonpath\json-path\2.4.0\json-path-2.4.0.jar;C:\SSM\repo\net\minidev\json-smart\2.3\json-smart-2.3.jar;C:\SSM\repo\net\minidev\accessors-smart\1.2\accessors-smart-1.2.jar;C:\SSM\repo\org\ow2\asm\asm\5.0.4\asm-5.0.4.jar;C:\SSM\repo\com\alibaba\fastjson\1.2.28\fastjson-1.2.28.jar;C:\SSM\repo\us\codecraft\webmagic-extension\0.7.3\webmagic-extension-0.7.3.jar;C:\SSM\repo\redis\clients\jedis\2.9.0\jedis-2.9.0.jar;C:\SSM\repo\org\apache\commons\commons-pool2\2.4.2\commons-pool2-2.4.2.jar;C:\SSM\repo\net\sf\json-lib\json-lib\2.4\json-lib-2.4-jdk15.jar;C:\SSM\repo\com\fasterxml\jackson\core\jackson-core\2.5.4\jackson-core-2.5.4.jar;C:\SSM\repo\com\fasterxml\jackson\core\jackson-databind\2.5.4\jackson-databind-2.5.4.jar;C:\SSM\repo\com\fasterxml\jackson\core\jackson-annotations\2.5.0\jackson-annotations-2.5.0.jar;C:\SSM\repo\commons-beanutils\commons-beanutils\1.9.3\commons-beanutils-1.9.3.jar;C:\SSM\repo\commons-collections\commons-collections\3.2.2\commons-collections-3.2.2.jar;C:\SSM\repo\commons-logging\commons-logging\1.1.1\commons-logging-1.1.1.jar;C:\SSM\repo\c
Launcher Type: SUN_STANDARD

Environment Variables:
CLASSPATH=C:\Program Files\Java\jdk1.8.0_151\lib\tools.jar;C:\Program Files\Java\jdk1.8.0_151\lib\dt.jar;C:\Program Files\Java\jdk1.8.0_151\lib\tools.jar
PATH=C:/Program Files/Java/jre1.8.0_151/bin/client;C:/Program Files/Java/jre1.8.0_151/bin;C:/Program Files/Java/jre1.8.0_151/lib/i386;C:\ProgramData\Oracle\Java\javapath;C:\Windows\system32;C:\Windows;C:\Windows\System32\Wbem;C:\Windows\System32\WindowsPowerShell\v1.0\;C:\Windows\System32\WindowsPowerShell\v1.0\;C:\Windows\System32\WindowsPowerShell\v1.0\;C:\mysql-5.6.37-win32\bin;C:\Program Files\Java\jdk1.8.0_151\bin;C:\SSM\apache-maven-3.5.0\bin;C:\SSM\SSM\eclipse-jee-neon-3-win32\eclipse;
USERNAME=Administrator
OS=Windows_NT
PROCESSOR_IDENTIFIER=x86 Family 6 Model 79 Stepping 1, GenuineIntel



---------------  S Y S T E M  ---------------

OS: Windows Server 2008 Build 6002 (6.0.6002.19623)

CPU:total 1 (initial active 1) (1 cores per cpu, 1 threads per core) family 6 model 79 stepping 1, cmov, cx8, fxsr, mmx, sse, sse2, sse3, ssse3, sse4.1, sse4.2, popcnt, aes, clmul, erms, rtm, 3dnowpref, lzcnt, tsc, bmi1, bmi2, adx

Memory: 4k page, physical 2095908k(51656k free), swap 2029444k(5112k free)

vm_info: Java HotSpot(TM) Client VM (25.151-b12) for windows-x86 JRE (1.8.0_151-b12), built on Sep  5 2017 19:31:49 by "java_re" with MS VC++ 10.0 (VS2010)

time: Thu Mar 15 00:37:55 2018
elapsed time: 6 seconds (0d 0h 0m 6s)

