#
# There is insufficient memory for the Java Runtime Environment to continue.
# Native memory allocation (malloc) failed to allocate 655368 bytes for Chunk::new
# Possible reasons:
#   The system is out of physical RAM or swap space
#   In 32 bit mode, the process size limit was hit
# Possible solutions:
#   Reduce memory load on the system
#   Increase physical memory or swap space
#   Check if swap backing store is full
#   Use 64 bit Java on a 64 bit OS
#   Decrease Java heap size (-Xmx/-Xms)
#   Decrease number of Java threads
#   Decrease Java thread stack sizes (-Xss)
#   Set larger code cache with -XX:ReservedCodeCacheSize=
# This output file may be truncated or incomplete.
#
#  Out of Memory Error (allocation.cpp:390), pid=1376, tid=0x00000fd8
#
# JRE version: Java(TM) SE Runtime Environment (8.0_151-b12) (build 1.8.0_151-b12)
# Java VM: Java HotSpot(TM) Client VM (25.151-b12 mixed mode, sharing windows-x86 )
# Failed to write core dump. 
#

---------------  T H R E A D  ---------------

Current thread (0x00e78400):  JavaThread "C1 CompilerThread0" daemon [_thread_in_native, id=4056, stack(0x14970000,0x149c0000)]

Stack: [0x14970000,0x149c0000],  sp=0x149bea64,  free space=314k
Native frames: (J=compiled Java code, j=interpreted, Vv=VM code, C=native code)
V  [jvm.dll+0x1aa59b]
V  [jvm.dll+0x1be6d1]
V  [jvm.dll+0x1c147d]
V  [jvm.dll+0x1c2cc8]
C  [msvcr100.dll+0x5c556]
C  [msvcr100.dll+0x5c600]
C  [kernel32.dll+0x4d4d1]
C  [ntdll.dll+0x41593]
C  [ntdll.dll+0x41566]
C  0x00000000


Current CompileTask:
C1:   7564 2362             jdk.nashorn.internal.scripts.Script$Recompilation$5$14278A$\^eval\_::generateKeys (2870 bytes)


---------------  P R O C E S S  ---------------

Java Threads: ( => current thread )
  0x162c2000 JavaThread "Keep-Alive-Timer" daemon [_thread_blocked, id=3532, stack(0x16d80000,0x16dd0000)]
  0x15c9c000 JavaThread "ReaderThread" [_thread_in_native, id=3804, stack(0x15980000,0x159d0000)]
  0x00eb1800 JavaThread "Service Thread" daemon [_thread_blocked, id=3864, stack(0x14ca0000,0x14cf0000)]
=>0x00e78400 JavaThread "C1 CompilerThread0" daemon [_thread_in_native, id=4056, stack(0x14970000,0x149c0000)]
  0x00e77800 JavaThread "Attach Listener" daemon [_thread_blocked, id=2524, stack(0x140d0000,0x14120000)]
  0x00e74000 JavaThread "Signal Dispatcher" daemon [_thread_blocked, id=2148, stack(0x14850000,0x148a0000)]
  0x00e5bc00 JavaThread "Finalizer" daemon [_thread_blocked, id=556, stack(0x14160000,0x141b0000)]
  0x00dff800 JavaThread "Reference Handler" daemon [_thread_blocked, id=3112, stack(0x147e0000,0x14830000)]
  0x00dd6000 JavaThread "main" [_thread_in_vm, id=2900, stack(0x00cc0000,0x00d10000)]

Other Threads:
  0x00dfb400 VMThread [stack: 0x03b90000,0x03be0000] [id=3052]
  0x157a8c00 WatcherThread [stack: 0x148c0000,0x14910000] [id=2108]

VM state:not at safepoint (normal execution)

VM Mutex/Monitor currently owned by a thread: None

Heap:
 def new generation   total 6592K, used 4501K [0x03c00000, 0x04320000, 0x09150000)
  eden space 5888K,  70% used [0x03c00000, 0x040074a8, 0x041c0000)
  from space 704K,  53% used [0x04270000, 0x042ce1d0, 0x04320000)
  to   space 704K,   0% used [0x041c0000, 0x041c0000, 0x04270000)
 tenured generation   total 14476K, used 8684K [0x09150000, 0x09f73000, 0x13c00000)
   the space 14476K,  59% used [0x09150000, 0x099cb388, 0x099cb400, 0x09f73000)
 Metaspace       used 10537K, capacity 11871K, committed 11904K, reserved 12672K

Card table byte_map: [0x00d10000,0x00da0000] byte_map_base: 0x00cf2000

Polling page: 0x007f0000

CodeCache: size=32768Kb used=4355Kb max_used=4355Kb free=28412Kb
 bounds [0x01b90000, 0x01fd8000, 0x03b90000]
 total_blobs=2530 nmethods=2331 adapters=129
 compilation: enabled

Compilation events (10 events):
Event: 7.088 Thread 0x00e78400 nmethod 2357 0x01fcfac8 code [0x01fcfbc0, 0x01fcfc40]
Event: 7.088 Thread 0x00e78400 2358             jdk.nashorn.internal.objects.NativeArray::<init> (21 bytes)
Event: 7.088 Thread 0x00e78400 nmethod 2358 0x01fcfc88 code [0x01fcfdd0, 0x01fd0078]
Event: 7.088 Thread 0x00e78400 2359             jdk.nashorn.internal.objects.NativeArray::<init> (9 bytes)
Event: 7.088 Thread 0x00e78400 nmethod 2359 0x01fd0448 code [0x01fd0580, 0x01fd0788]
Event: 7.089 Thread 0x00e78400 2360   !         java.lang.invoke.LambdaForm::compileToBytecode (103 bytes)
Event: 7.090 Thread 0x00e78400 nmethod 2360 0x01fd0a08 code [0x01fd0b80, 0x01fd0df4]
Event: 7.090 Thread 0x00e78400 2361             jdk.nashorn.internal.runtime.UnwarrantedOptimismException::isValid (30 bytes)
Event: 7.090 Thread 0x00e78400 nmethod 2361 0x01fd11c8 code [0x01fd12d0, 0x01fd13cc]
Event: 7.091 Thread 0x00e78400 2362             jdk.nashorn.internal.scripts.Script$Recompilation$5$14278A$\^eval\_::generateKeys (2870 bytes)

GC Heap History (10 events):
Event: 5.197 GC heap before
{Heap before GC invocations=32 (full 0):
 def new generation   total 4928K, used 4928K [0x03c00000, 0x04150000, 0x09150000)
  eden space 4416K, 100% used [0x03c00000, 0x04050000, 0x04050000)
  from space 512K, 100% used [0x04050000, 0x040d0000, 0x040d0000)
  to   space 512K,   0% used [0x040d0000, 0x040d0000, 0x04150000)
 tenured generation   total 10944K, used 9475K [0x09150000, 0x09c00000, 0x13c00000)
   the space 10944K,  86% used [0x09150000, 0x09a90f50, 0x09a91000, 0x09c00000)
 Metaspace       used 9771K, capacity 10501K, committed 10624K, reserved 10624K
Event: 5.202 GC heap after
Heap after GC invocations=33 (full 0):
 def new generation   total 4928K, used 512K [0x03c00000, 0x04150000, 0x09150000)
  eden space 4416K,   0% used [0x03c00000, 0x03c00000, 0x04050000)
  from space 512K, 100% used [0x040d0000, 0x04150000, 0x04150000)
  to   space 512K,   0% used [0x04050000, 0x04050000, 0x040d0000)
 tenured generation   total 10944K, used 10531K [0x09150000, 0x09c00000, 0x13c00000)
   the space 10944K,  96% used [0x09150000, 0x09b98e30, 0x09b99000, 0x09c00000)
 Metaspace       used 9771K, capacity 10501K, committed 10624K, reserved 10624K
}
Event: 5.418 GC heap before
{Heap before GC invocations=33 (full 0):
 def new generation   total 4928K, used 4928K [0x03c00000, 0x04150000, 0x09150000)
  eden space 4416K, 100% used [0x03c00000, 0x04050000, 0x04050000)
  from space 512K, 100% used [0x040d0000, 0x04150000, 0x04150000)
  to   space 512K,   0% used [0x04050000, 0x04050000, 0x040d0000)
 tenured generation   total 10944K, used 10531K [0x09150000, 0x09c00000, 0x13c00000)
   the space 10944K,  96% used [0x09150000, 0x09b98e30, 0x09b99000, 0x09c00000)
 Metaspace       used 10078K, capacity 10837K, committed 10880K, reserved 11648K
Event: 5.421 GC heap after
Heap after GC invocations=34 (full 0):
 def new generation   total 4928K, used 511K [0x03c00000, 0x04150000, 0x09150000)
  eden space 4416K,   0% used [0x03c00000, 0x03c00000, 0x04050000)
  from space 512K,  99% used [0x04050000, 0x040cff80, 0x040d0000)
  to   space 512K,   0% used [0x040d0000, 0x040d0000, 0x04150000)
 tenured generation   total 10944K, used 10681K [0x09150000, 0x09c00000, 0x13c00000)
   the space 10944K,  97% used [0x09150000, 0x09bbe6a0, 0x09bbe800, 0x09c00000)
 Metaspace       used 10078K, capacity 10837K, committed 10880K, reserved 11648K
}
Event: 5.618 GC heap before
{Heap before GC invocations=34 (full 0):
 def new generation   total 4928K, used 4927K [0x03c00000, 0x04150000, 0x09150000)
  eden space 4416K, 100% used [0x03c00000, 0x04050000, 0x04050000)
  from space 512K,  99% used [0x04050000, 0x040cff80, 0x040d0000)
  to   space 512K,   0% used [0x040d0000, 0x040d0000, 0x04150000)
 tenured generation   total 10944K, used 10681K [0x09150000, 0x09c00000, 0x13c00000)
   the space 10944K,  97% used [0x09150000, 0x09bbe6a0, 0x09bbe800, 0x09c00000)
 Metaspace       used 10312K, capacity 11357K, committed 11392K, reserved 11648K
Event: 5.621 GC heap after
Heap after GC invocations=35 (full 0):
 def new generation   total 4928K, used 347K [0x03c00000, 0x04150000, 0x09150000)
  eden space 4416K,   0% used [0x03c00000, 0x03c00000, 0x04050000)
  from space 512K,  67% used [0x040d0000, 0x04126e68, 0x04150000)
  to   space 512K,   0% used [0x04050000, 0x04050000, 0x040d0000)
 tenured generation   total 10944K, used 10838K [0x09150000, 0x09c00000, 0x13c00000)
   the space 10944K,  99% used [0x09150000, 0x09be5a28, 0x09be5c00, 0x09c00000)
 Metaspace       used 10312K, capacity 11357K, committed 11392K, reserved 11648K
}
Event: 5.776 GC heap before
{Heap before GC invocations=35 (full 0):
 def new generation   total 4928K, used 4763K [0x03c00000, 0x04150000, 0x09150000)
  eden space 4416K, 100% used [0x03c00000, 0x04050000, 0x04050000)
  from space 512K,  67% used [0x040d0000, 0x04126e68, 0x04150000)
  to   space 512K,   0% used [0x04050000, 0x04050000, 0x040d0000)
 tenured generation   total 10944K, used 10838K [0x09150000, 0x09c00000, 0x13c00000)
   the space 10944K,  99% used [0x09150000, 0x09be5a28, 0x09be5c00, 0x09c00000)
 Metaspace       used 10447K, capacity 11635K, committed 11648K, reserved 11648K
Event: 5.806 GC heap after
Heap after GC invocations=36 (full 1):
 def new generation   total 6592K, used 0K [0x03c00000, 0x04320000, 0x09150000)
  eden space 5888K,   0% used [0x03c00000, 0x03c00000, 0x041c0000)
  from space 704K,   0% used [0x041c0000, 0x041c0000, 0x04270000)
  to   space 704K,   0% used [0x04270000, 0x04270000, 0x04320000)
 tenured generation   total 14476K, used 8684K [0x09150000, 0x09f73000, 0x13c00000)
   the space 14476K,  59% used [0x09150000, 0x099cb388, 0x099cb400, 0x09f73000)
 Metaspace       used 10447K, capacity 11635K, committed 11648K, reserved 11648K
}
Event: 6.319 GC heap before
{Heap before GC invocations=36 (full 1):
 def new generation   total 6592K, used 5888K [0x03c00000, 0x04320000, 0x09150000)
  eden space 5888K, 100% used [0x03c00000, 0x041c0000, 0x041c0000)
  from space 704K,   0% used [0x041c0000, 0x041c0000, 0x04270000)
  to   space 704K,   0% used [0x04270000, 0x04270000, 0x04320000)
 tenured generation   total 14476K, used 8684K [0x09150000, 0x09f73000, 0x13c00000)
   the space 14476K,  59% used [0x09150000, 0x099cb388, 0x099cb400, 0x09f73000)
 Metaspace       used 10523K, capacity 11819K, committed 11904K, reserved 12672K
Event: 6.323 GC heap after
Heap after GC invocations=37 (full 1):
 def new generation   total 6592K, used 376K [0x03c00000, 0x04320000, 0x09150000)
  eden space 5888K,   0% used [0x03c00000, 0x03c00000, 0x041c0000)
  from space 704K,  53% used [0x04270000, 0x042ce1d0, 0x04320000)
  to   space 704K,   0% used [0x041c0000, 0x041c0000, 0x04270000)
 tenured generation   total 14476K, used 8684K [0x09150000, 0x09f73000, 0x13c00000)
   the space 14476K,  59% used [0x09150000, 0x099cb388, 0x099cb400, 0x09f73000)
 Metaspace       used 10523K, capacity 11819K, committed 11904K, reserved 12672K
}

Deoptimization events (0 events):
No events

Internal exceptions (10 events):
Event: 3.856 Thread 0x00dd6000 Exception <a 'java/lang/ArrayIndexOutOfBoundsException'> (0x03e8a458) thrown at [C:\workspace\8-2-build-windows-i586-cygwin\jdk8u151\9699\hotspot\src\share\vm\runtime\sharedRuntime.cpp, line 605]
Event: 3.857 Thread 0x00dd6000 Exception <a 'java/lang/ArrayIndexOutOfBoundsException'> (0x03e8d8c0) thrown at [C:\workspace\8-2-build-windows-i586-cygwin\jdk8u151\9699\hotspot\src\share\vm\runtime\sharedRuntime.cpp, line 605]
Event: 3.859 Thread 0x00dd6000 Exception <a 'java/lang/ArrayIndexOutOfBoundsException'> (0x03ec0418) thrown at [C:\workspace\8-2-build-windows-i586-cygwin\jdk8u151\9699\hotspot\src\share\vm\runtime\sharedRuntime.cpp, line 605]
Event: 3.867 Thread 0x00dd6000 Exception <a 'java/lang/ClassNotFoundException': us/curb/maven_/service/UserServiceCustomizer> (0x03ed9520) thrown at [C:\workspace\8-2-build-windows-i586-cygwin\jdk8u151\9699\hotspot\src\share\vm\classfile\systemDictionary.cpp, line 210]
Event: 3.867 Thread 0x00dd6000 Exception <a 'java/lang/ArrayIndexOutOfBoundsException'> (0x03edac08) thrown at [C:\workspace\8-2-build-windows-i586-cygwin\jdk8u151\9699\hotspot\src\share\vm\runtime\sharedRuntime.cpp, line 605]
Event: 3.871 Thread 0x00dd6000 Exception <a 'java/lang/ClassNotFoundException': us/codecraft/webmagic/processor/PageProcessorCustomizer> (0x03ef5dd0) thrown at [C:\workspace\8-2-build-windows-i586-cygwin\jdk8u151\9699\hotspot\src\share\vm\classfile\systemDictionary.cpp, line 210]
Event: 3.873 Thread 0x00dd6000 Exception <a 'java/lang/ClassNotFoundException': us/codecraft/webmagic/processor/PageProcessorCustomizer> (0x03f14228) thrown at [C:\workspace\8-2-build-windows-i586-cygwin\jdk8u151\9699\hotspot\src\share\vm\classfile\systemDictionary.cpp, line 210]
Event: 3.875 Thread 0x00dd6000 Exception <a 'java/lang/ClassNotFoundException': us/codecraft/webmagic/processor/PageProcessorCustomizer> (0x03f31fb8) thrown at [C:\workspace\8-2-build-windows-i586-cygwin\jdk8u151\9699\hotspot\src\share\vm\classfile\systemDictionary.cpp, line 210]
Event: 4.009 Thread 0x00dd6000 Exception <a 'java/lang/NoSuchFieldError': method resolution failed> (0x03e1e968) thrown at [C:\workspace\8-2-build-windows-i586-cygwin\jdk8u151\9699\hotspot\src\share\vm\prims\methodHandles.cpp, line 1146]
Event: 4.010 Thread 0x00dd6000 Exception <a 'java/lang/NoSuchFieldError': method resolution failed> (0x03e2ae78) thrown at [C:\workspace\8-2-build-windows-i586-cygwin\jdk8u151\9699\hotspot\src\share\vm\prims\methodHandles.cpp, line 1146]

Events (10 events):
Event: 6.323 Executing VM operation: GenCollectForAllocation done
Event: 6.327 Thread 0x00e78400 flushing nmethod 0x01e4a0c8
Event: 6.349 loading class jdk/nashorn/internal/runtime/Undefined
Event: 6.349 loading class jdk/nashorn/internal/runtime/Undefined done
Event: 6.373 loading class jdk/nashorn/internal/runtime/Undefined
Event: 6.373 loading class jdk/nashorn/internal/runtime/Undefined done
Event: 6.411 loading class jdk/nashorn/internal/runtime/Undefined
Event: 6.411 loading class jdk/nashorn/internal/runtime/Undefined done
Event: 7.036 Executing VM operation: Deoptimize
Event: 7.036 Executing VM operation: Deoptimize done


Dynamic libraries:
0x00f50000 - 0x00f83000 	C:\Program Files\Java\jre1.8.0_151\bin\javaw.exe
0x77390000 - 0x774b9000 	C:\Windows\system32\ntdll.dll
0x76350000 - 0x7642d000 	C:\Windows\system32\kernel32.dll
0x75aa0000 - 0x75b67000 	C:\Windows\system32\ADVAPI32.dll
0x75d80000 - 0x75e42000 	C:\Windows\system32\RPCRT4.dll
0x762b0000 - 0x7634d000 	C:\Windows\system32\USER32.dll
0x75a50000 - 0x75a9c000 	C:\Windows\system32\GDI32.dll
0x74510000 - 0x746ae000 	C:\Windows\WinSxS\x86_microsoft.windows.common-controls_6595b64144ccf1df_6.0.6002.19373_none_5cbe60a608848a19\COMCTL32.dll
0x76490000 - 0x7653a000 	C:\Windows\system32\msvcrt.dll
0x76430000 - 0x76489000 	C:\Windows\system32\SHLWAPI.dll
0x76570000 - 0x7658e000 	C:\Windows\system32\IMM32.DLL
0x75e50000 - 0x75f18000 	C:\Windows\system32\MSCTF.dll
0x774c0000 - 0x774c9000 	C:\Windows\system32\LPK.DLL
0x76220000 - 0x7629e000 	C:\Windows\system32\USP10.dll
0x6bbb0000 - 0x6bc6f000 	C:\Program Files\Java\jre1.8.0_151\bin\msvcr100.dll
0x698b0000 - 0x69c7e000 	C:\Program Files\Java\jre1.8.0_151\bin\client\jvm.dll
0x74420000 - 0x74427000 	C:\Windows\system32\WSOCK32.dll
0x75d50000 - 0x75d7d000 	C:\Windows\system32\WS2_32.dll
0x762a0000 - 0x762a6000 	C:\Windows\system32\NSI.dll
0x73f70000 - 0x73fa2000 	C:\Windows\system32\WINMM.dll
0x75b70000 - 0x75cb7000 	C:\Windows\system32\ole32.dll
0x75cc0000 - 0x75d50000 	C:\Windows\system32\OLEAUT32.dll
0x73f30000 - 0x73f6e000 	C:\Windows\system32\OLEACC.dll
0x74d40000 - 0x74d48000 	C:\Windows\system32\VERSION.dll
0x75a40000 - 0x75a47000 	C:\Windows\system32\PSAPI.DLL
0x742d0000 - 0x742dc000 	C:\Program Files\Java\jre1.8.0_151\bin\verify.dll
0x74220000 - 0x74241000 	C:\Program Files\Java\jre1.8.0_151\bin\java.dll
0x74260000 - 0x74274000 	C:\Program Files\Java\jre1.8.0_151\bin\zip.dll
0x766b0000 - 0x771c1000 	C:\Windows\system32\SHELL32.dll
0x75900000 - 0x7591e000 	C:\Windows\system32\USERENV.dll
0x758e0000 - 0x758f4000 	C:\Windows\system32\Secur32.dll
0x73ef0000 - 0x73f06000 	C:\Program Files\Java\jre1.8.0_151\bin\net.dll
0x75050000 - 0x7508b000 	C:\Windows\system32\mswsock.dll
0x75160000 - 0x75165000 	C:\Windows\System32\wship6.dll
0x74c70000 - 0x74c75000 	C:\Windows\System32\wshtcpip.dll
0x74d30000 - 0x74d3f000 	C:\Windows\system32\NLAapi.dll
0x752b0000 - 0x752c9000 	C:\Windows\system32\IPHLPAPI.DLL
0x75270000 - 0x752a5000 	C:\Windows\system32\dhcpcsvc.DLL
0x754b0000 - 0x754dc000 	C:\Windows\system32\DNSAPI.dll
0x75260000 - 0x75267000 	C:\Windows\system32\WINNSI.DLL
0x75230000 - 0x75252000 	C:\Windows\system32\dhcpcsvc6.DLL
0x73290000 - 0x7329f000 	C:\Windows\system32\napinsp.dll
0x73280000 - 0x73288000 	C:\Windows\System32\winrnr.dll
0x75fb0000 - 0x75ff9000 	C:\Windows\system32\WLDAP32.dll
0x73270000 - 0x73276000 	C:\Windows\system32\rasadhlp.dll

VM Arguments:
jvm_args: -ea -Dfile.encoding=UTF-8 
java_command: org.eclipse.jdt.internal.junit.runner.RemoteTestRunner -version 3 -port 65479 -testLoaderClass org.eclipse.jdt.internal.junit4.runner.JUnit4TestLoader -loaderpluginname org.eclipse.jdt.junit4.runtime -classNames us.curb.maven_.testdemo.TestDemo
java_class_path (initial): C:\Users\Administrator\workspace\maven_\target\test-classes;C:\Users\Administrator\workspace\maven_\target\classes;C:\SSM\repo\us\codecraft\webmagic-core\0.7.3\webmagic-core-0.7.3.jar;C:\SSM\repo\org\apache\httpcomponents\httpclient\4.5.2\httpclient-4.5.2.jar;C:\SSM\repo\org\apache\httpcomponents\httpcore\4.4.4\httpcore-4.4.4.jar;C:\SSM\repo\commons-codec\commons-codec\1.9\commons-codec-1.9.jar;C:\SSM\repo\org\apache\commons\commons-lang3\3.1\commons-lang3-3.1.jar;C:\SSM\repo\us\codecraft\xsoup\0.3.1\xsoup-0.3.1.jar;C:\SSM\repo\org\assertj\assertj-core\1.5.0\assertj-core-1.5.0.jar;C:\SSM\repo\org\slf4j\slf4j-api\1.7.6\slf4j-api-1.7.6.jar;C:\SSM\repo\org\slf4j\slf4j-log4j12\1.7.6\slf4j-log4j12-1.7.6.jar;C:\SSM\repo\log4j\log4j\1.2.17\log4j-1.2.17.jar;C:\SSM\repo\org\jsoup\jsoup\1.10.3\jsoup-1.10.3.jar;C:\SSM\repo\commons-io\commons-io\1.3.2\commons-io-1.3.2.jar;C:\SSM\repo\com\jayway\jsonpath\json-path\2.4.0\json-path-2.4.0.jar;C:\SSM\repo\net\minidev\json-smart\2.3\json-smart-2.3.jar;C:\SSM\repo\net\minidev\accessors-smart\1.2\accessors-smart-1.2.jar;C:\SSM\repo\org\ow2\asm\asm\5.0.4\asm-5.0.4.jar;C:\SSM\repo\com\alibaba\fastjson\1.2.28\fastjson-1.2.28.jar;C:\SSM\repo\us\codecraft\webmagic-extension\0.7.3\webmagic-extension-0.7.3.jar;C:\SSM\repo\redis\clients\jedis\2.9.0\jedis-2.9.0.jar;C:\SSM\repo\org\apache\commons\commons-pool2\2.4.2\commons-pool2-2.4.2.jar;C:\SSM\repo\net\sf\json-lib\json-lib\2.4\json-lib-2.4-jdk15.jar;C:\SSM\repo\com\fasterxml\jackson\core\jackson-core\2.5.4\jackson-core-2.5.4.jar;C:\SSM\repo\com\fasterxml\jackson\core\jackson-databind\2.5.4\jackson-databind-2.5.4.jar;C:\SSM\repo\com\fasterxml\jackson\core\jackson-annotations\2.5.0\jackson-annotations-2.5.0.jar;C:\SSM\repo\commons-beanutils\commons-beanutils\1.9.3\commons-beanutils-1.9.3.jar;C:\SSM\repo\commons-collections\commons-collections\3.2.2\commons-collections-3.2.2.jar;C:\SSM\repo\commons-logging\commons-logging\1.1.1\commons-logging-1.1.1.jar;C:\SSM\repo\c
Launcher Type: SUN_STANDARD

Environment Variables:
CLASSPATH=C:\Program Files\Java\jdk1.8.0_151\lib\tools.jar;C:\Program Files\Java\jdk1.8.0_151\lib\dt.jar;C:\Program Files\Java\jdk1.8.0_151\lib\tools.jar
PATH=C:/Program Files/Java/jre1.8.0_151/bin/client;C:/Program Files/Java/jre1.8.0_151/bin;C:/Program Files/Java/jre1.8.0_151/lib/i386;C:\ProgramData\Oracle\Java\javapath;C:\Windows\system32;C:\Windows;C:\Windows\System32\Wbem;C:\Windows\System32\WindowsPowerShell\v1.0\;C:\Windows\System32\WindowsPowerShell\v1.0\;C:\Windows\System32\WindowsPowerShell\v1.0\;C:\mysql-5.6.37-win32\bin;C:\Program Files\Java\jdk1.8.0_151\bin;C:\SSM\apache-maven-3.5.0\bin;C:\SSM\SSM\eclipse-jee-neon-3-win32\eclipse;
USERNAME=Administrator
OS=Windows_NT
PROCESSOR_IDENTIFIER=x86 Family 6 Model 79 Stepping 1, GenuineIntel



---------------  S Y S T E M  ---------------

OS: Windows Server 2008 Build 6002 (6.0.6002.19623)

CPU:total 1 (initial active 1) (1 cores per cpu, 1 threads per core) family 6 model 79 stepping 1, cmov, cx8, fxsr, mmx, sse, sse2, sse3, ssse3, sse4.1, sse4.2, popcnt, aes, clmul, erms, rtm, 3dnowpref, lzcnt, tsc, bmi1, bmi2, adx

Memory: 4k page, physical 2095908k(128880k free), swap 2029444k(5216k free)

vm_info: Java HotSpot(TM) Client VM (25.151-b12) for windows-x86 JRE (1.8.0_151-b12), built on Sep  5 2017 19:31:49 by "java_re" with MS VC++ 10.0 (VS2010)

time: Thu Mar 15 15:00:47 2018
elapsed time: 7 seconds (0d 0h 0m 7s)

